2024-08-02 18:53:19 INFO  o.h.validator.internal.util.Version - [] HV000001: Hibernate Validator 8.0.1.Final
2024-08-02 18:53:19 INFO  czhy.WebApplication - [] Starting WebApplication using Java 22.0.1 with PID 23076 (D:\Work\web\target\classes started by 小陌 in D:\Work\web)
2024-08-02 18:53:19 INFO  czhy.WebApplication - [] The following 1 profile is active: "local"
2024-08-02 18:53:19 INFO  o.s.d.r.c.RepositoryConfigurationDelegate - [] Multiple Spring Data modules found, entering strict repository configuration mode
2024-08-02 18:53:19 INFO  o.s.d.r.c.RepositoryConfigurationDelegate - [] Bootstrapping Spring Data Redis repositories in DEFAULT mode.
2024-08-02 18:53:19 INFO  o.s.d.r.c.RepositoryConfigurationDelegate - [] Finished Spring Data repository scanning in 19 ms. Found 0 Redis repository interfaces.
2024-08-02 18:53:20 INFO  o.s.b.w.e.tomcat.TomcatWebServer - [] Tomcat initialized with port 8989 (http)
2024-08-02 18:53:20 INFO  o.a.coyote.http11.Http11NioProtocol - [] Initializing ProtocolHandler ["http-nio-8989"]
2024-08-02 18:53:20 INFO  o.a.catalina.core.StandardService - [] Starting service [Tomcat]
2024-08-02 18:53:20 INFO  o.a.catalina.core.StandardEngine - [] Starting Servlet engine: [Apache Tomcat/10.1.26]
2024-08-02 18:53:20 INFO  o.a.c.c.C.[Tomcat].[localhost].[/] - [] Initializing Spring embedded WebApplicationContext
2024-08-02 18:53:20 INFO  o.s.b.w.s.c.ServletWebServerApplicationContext - [] Root WebApplicationContext: initialization completed in 1260 ms
2024-08-02 18:53:21 INFO  o.a.coyote.http11.Http11NioProtocol - [] Starting ProtocolHandler ["http-nio-8989"]
2024-08-02 18:53:21 INFO  o.s.b.w.e.tomcat.TomcatWebServer - [] Tomcat started on port 8989 (http) with context path '/'
2024-08-02 18:53:21 INFO  czhy.WebApplication - [] Started WebApplication in 2.854 seconds (process running for 3.548)
2024-08-02 18:53:26 INFO  o.a.c.c.C.[Tomcat].[localhost].[/] - [] Initializing Spring DispatcherServlet 'dispatcherServlet'
2024-08-02 18:53:26 INFO  o.s.web.servlet.DispatcherServlet - [] Initializing Servlet 'dispatcherServlet'
2024-08-02 18:53:26 INFO  o.s.web.servlet.DispatcherServlet - [] Completed initialization in 0 ms
2024-08-02 18:53:26 INFO  czhy.controller.CUser - [60aa881e-c715-4de9-97e3-2569de4684ee] getPageList param:UserReqDto.PageList(page=1, size=1, name=null)
2024-08-02 18:53:26 INFO  com.zaxxer.hikari.HikariDataSource - [60aa881e-c715-4de9-97e3-2569de4684ee] HikariPool-1 - Starting...
2024-08-02 18:53:27 INFO  com.zaxxer.hikari.pool.HikariPool - [60aa881e-c715-4de9-97e3-2569de4684ee] HikariPool-1 - Added connection com.mysql.cj.jdbc.ConnectionImpl@647d677c
2024-08-02 18:53:27 INFO  com.zaxxer.hikari.HikariDataSource - [60aa881e-c715-4de9-97e3-2569de4684ee] HikariPool-1 - Start completed.
2024-08-02 18:53:27 DEBUG c.m.UserMapper.selectList_mpCount - [60aa881e-c715-4de9-97e3-2569de4684ee] ==>  Preparing: SELECT COUNT(*) AS total FROM m_user
2024-08-02 18:53:27 DEBUG c.m.UserMapper.selectList_mpCount - [60aa881e-c715-4de9-97e3-2569de4684ee] ==> Parameters: 
2024-08-02 18:53:27 DEBUG c.m.UserMapper.selectList_mpCount - [60aa881e-c715-4de9-97e3-2569de4684ee] <==      Total: 1
2024-08-02 18:53:27 DEBUG czhy.mapper.UserMapper.selectList - [60aa881e-c715-4de9-97e3-2569de4684ee] ==>  Preparing: SELECT id,name,email FROM m_user LIMIT ?
2024-08-02 18:53:27 DEBUG czhy.mapper.UserMapper.selectList - [60aa881e-c715-4de9-97e3-2569de4684ee] ==> Parameters: 1(Long)
2024-08-02 18:53:27 DEBUG czhy.mapper.UserMapper.selectList - [60aa881e-c715-4de9-97e3-2569de4684ee] <==      Total: 1
2024-08-02 18:53:34 INFO  czhy.controller.CUser - [0a345e4d-105f-486c-9744-4fcfaccbdbd7] getPageList param:UserReqDto.PageList(page=1, size=1, name=null)
2024-08-02 18:53:34 DEBUG c.m.UserMapper.selectList_mpCount - [0a345e4d-105f-486c-9744-4fcfaccbdbd7] ==>  Preparing: SELECT COUNT(*) AS total FROM m_user
2024-08-02 18:53:34 DEBUG c.m.UserMapper.selectList_mpCount - [0a345e4d-105f-486c-9744-4fcfaccbdbd7] ==> Parameters: 
2024-08-02 18:53:34 DEBUG c.m.UserMapper.selectList_mpCount - [0a345e4d-105f-486c-9744-4fcfaccbdbd7] <==      Total: 1
2024-08-02 18:53:34 DEBUG czhy.mapper.UserMapper.selectList - [0a345e4d-105f-486c-9744-4fcfaccbdbd7] ==>  Preparing: SELECT id,name,email FROM m_user LIMIT ?
2024-08-02 18:53:34 DEBUG czhy.mapper.UserMapper.selectList - [0a345e4d-105f-486c-9744-4fcfaccbdbd7] ==> Parameters: 1(Long)
2024-08-02 18:53:34 DEBUG czhy.mapper.UserMapper.selectList - [0a345e4d-105f-486c-9744-4fcfaccbdbd7] <==      Total: 1
2024-08-02 18:55:33 INFO  com.zaxxer.hikari.HikariDataSource - [] HikariPool-1 - Shutdown initiated...
2024-08-02 18:55:33 INFO  com.zaxxer.hikari.HikariDataSource - [] HikariPool-1 - Shutdown completed.
2024-08-02 18:55:36 INFO  o.h.validator.internal.util.Version - [] HV000001: Hibernate Validator 8.0.1.Final
2024-08-02 18:55:36 INFO  czhy.WebApplication - [] Starting WebApplication using Java 22.0.1 with PID 7436 (D:\Work\web\target\classes started by 小陌 in D:\Work\web)
2024-08-02 18:55:36 INFO  czhy.WebApplication - [] The following 1 profile is active: "local"
2024-08-02 18:55:36 INFO  o.s.d.r.c.RepositoryConfigurationDelegate - [] Multiple Spring Data modules found, entering strict repository configuration mode
2024-08-02 18:55:36 INFO  o.s.d.r.c.RepositoryConfigurationDelegate - [] Bootstrapping Spring Data Redis repositories in DEFAULT mode.
2024-08-02 18:55:36 INFO  o.s.d.r.c.RepositoryConfigurationDelegate - [] Finished Spring Data repository scanning in 12 ms. Found 0 Redis repository interfaces.
2024-08-02 18:55:37 INFO  o.s.b.w.e.tomcat.TomcatWebServer - [] Tomcat initialized with port 8989 (http)
2024-08-02 18:55:37 INFO  o.a.coyote.http11.Http11NioProtocol - [] Initializing ProtocolHandler ["http-nio-8989"]
2024-08-02 18:55:37 INFO  o.a.catalina.core.StandardService - [] Starting service [Tomcat]
2024-08-02 18:55:37 INFO  o.a.catalina.core.StandardEngine - [] Starting Servlet engine: [Apache Tomcat/10.1.26]
2024-08-02 18:55:37 INFO  o.a.c.c.C.[Tomcat].[localhost].[/] - [] Initializing Spring embedded WebApplicationContext
2024-08-02 18:55:37 INFO  o.s.b.w.s.c.ServletWebServerApplicationContext - [] Root WebApplicationContext: initialization completed in 1237 ms
2024-08-02 18:55:38 INFO  o.a.coyote.http11.Http11NioProtocol - [] Starting ProtocolHandler ["http-nio-8989"]
2024-08-02 18:55:38 INFO  o.s.b.w.e.tomcat.TomcatWebServer - [] Tomcat started on port 8989 (http) with context path '/'
2024-08-02 18:55:38 INFO  czhy.WebApplication - [] Started WebApplication in 2.755 seconds (process running for 3.633)
2024-08-02 18:56:49 INFO  o.h.validator.internal.util.Version - [] HV000001: Hibernate Validator 8.0.1.Final
2024-08-02 18:56:49 INFO  czhy.WebApplication - [] Starting WebApplication using Java 22.0.1 with PID 25996 (D:\Work\web\target\classes started by 小陌 in D:\Work\web)
2024-08-02 18:56:49 INFO  czhy.WebApplication - [] The following 1 profile is active: "local"
2024-08-02 18:56:50 INFO  o.s.d.r.c.RepositoryConfigurationDelegate - [] Multiple Spring Data modules found, entering strict repository configuration mode
2024-08-02 18:56:50 INFO  o.s.d.r.c.RepositoryConfigurationDelegate - [] Bootstrapping Spring Data Redis repositories in DEFAULT mode.
2024-08-02 18:56:50 INFO  o.s.d.r.c.RepositoryConfigurationDelegate - [] Finished Spring Data repository scanning in 12 ms. Found 0 Redis repository interfaces.
2024-08-02 18:56:50 INFO  o.s.b.w.e.tomcat.TomcatWebServer - [] Tomcat initialized with port 8989 (http)
2024-08-02 18:56:50 INFO  o.a.coyote.http11.Http11NioProtocol - [] Initializing ProtocolHandler ["http-nio-8989"]
2024-08-02 18:56:50 INFO  o.a.catalina.core.StandardService - [] Starting service [Tomcat]
2024-08-02 18:56:50 INFO  o.a.catalina.core.StandardEngine - [] Starting Servlet engine: [Apache Tomcat/10.1.26]
2024-08-02 18:56:50 INFO  o.a.c.c.C.[Tomcat].[localhost].[/] - [] Initializing Spring embedded WebApplicationContext
2024-08-02 18:56:50 INFO  o.s.b.w.s.c.ServletWebServerApplicationContext - [] Root WebApplicationContext: initialization completed in 1360 ms
2024-08-02 18:56:51 INFO  o.a.coyote.http11.Http11NioProtocol - [] Starting ProtocolHandler ["http-nio-8989"]
2024-08-02 18:56:51 INFO  o.s.b.w.e.tomcat.TomcatWebServer - [] Tomcat started on port 8989 (http) with context path '/'
2024-08-02 18:56:51 INFO  czhy.WebApplication - [] Started WebApplication in 2.957 seconds (process running for 3.678)
2024-08-02 18:57:02 INFO  o.a.c.c.C.[Tomcat].[localhost].[/] - [] Initializing Spring DispatcherServlet 'dispatcherServlet'
2024-08-02 18:57:02 INFO  o.s.web.servlet.DispatcherServlet - [] Initializing Servlet 'dispatcherServlet'
2024-08-02 18:57:02 INFO  o.s.web.servlet.DispatcherServlet - [] Completed initialization in 1 ms
2024-08-02 18:57:02 INFO  czhy.controller.CUser - [cfd44e84-c6e7-42b9-9655-7208d3b82c37] getPageList param:UserReqDto.PageList(page=1, size=1, name=null)
2024-08-02 18:57:02 INFO  com.zaxxer.hikari.HikariDataSource - [cfd44e84-c6e7-42b9-9655-7208d3b82c37] HikariPool-1 - Starting...
2024-08-02 18:57:03 INFO  com.zaxxer.hikari.pool.HikariPool - [cfd44e84-c6e7-42b9-9655-7208d3b82c37] HikariPool-1 - Added connection com.mysql.cj.jdbc.ConnectionImpl@2a27ee01
2024-08-02 18:57:03 INFO  com.zaxxer.hikari.HikariDataSource - [cfd44e84-c6e7-42b9-9655-7208d3b82c37] HikariPool-1 - Start completed.
2024-08-02 18:57:03 DEBUG c.m.UserMapper.selectList_mpCount - [cfd44e84-c6e7-42b9-9655-7208d3b82c37] ==>  Preparing: SELECT COUNT(*) AS total FROM m_user
2024-08-02 18:57:03 DEBUG c.m.UserMapper.selectList_mpCount - [cfd44e84-c6e7-42b9-9655-7208d3b82c37] ==> Parameters: 
2024-08-02 18:57:03 DEBUG c.m.UserMapper.selectList_mpCount - [cfd44e84-c6e7-42b9-9655-7208d3b82c37] <==      Total: 1
2024-08-02 18:57:03 DEBUG czhy.mapper.UserMapper.selectList - [cfd44e84-c6e7-42b9-9655-7208d3b82c37] ==>  Preparing: SELECT id,name,email FROM m_user LIMIT ?
2024-08-02 18:57:03 DEBUG czhy.mapper.UserMapper.selectList - [cfd44e84-c6e7-42b9-9655-7208d3b82c37] ==> Parameters: 1(Long)
2024-08-02 18:57:03 DEBUG czhy.mapper.UserMapper.selectList - [cfd44e84-c6e7-42b9-9655-7208d3b82c37] <==      Total: 1
2024-08-02 18:57:42 INFO  com.zaxxer.hikari.HikariDataSource - [] HikariPool-1 - Shutdown initiated...
2024-08-02 18:57:42 INFO  com.zaxxer.hikari.HikariDataSource - [] HikariPool-1 - Shutdown completed.
