2024-08-06 09:04:48 INFO  o.h.validator.internal.util.Version-[] HV000001: Hibernate Validator 8.0.1.Final
2024-08-06 09:04:48 INFO  czhy.WebApplication-[] Starting WebApplication using Java 22.0.1 with PID 26556 (D:\Work\web\target\classes started by 小陌 in D:\Work\web)
2024-08-06 09:04:48 INFO  czhy.WebApplication-[] The following 1 profile is active: "local"
2024-08-06 09:04:49 INFO  o.s.d.r.c.RepositoryConfigurationDelegate-[] Multiple Spring Data modules found, entering strict repository configuration mode
2024-08-06 09:04:49 INFO  o.s.d.r.c.RepositoryConfigurationDelegate-[] Bootstrapping Spring Data Redis repositories in DEFAULT mode.
2024-08-06 09:04:49 INFO  o.s.d.r.c.RepositoryConfigurationDelegate-[] Finished Spring Data repository scanning in 14 ms. Found 0 Redis repository interfaces.
2024-08-06 09:04:50 INFO  o.s.b.w.e.tomcat.TomcatWebServer-[] Tomcat initialized with port 8080 (http)
2024-08-06 09:04:50 INFO  o.a.coyote.http11.Http11NioProtocol-[] Initializing ProtocolHandler ["http-nio-8080"]
2024-08-06 09:04:50 INFO  o.a.catalina.core.StandardService-[] Starting service [Tomcat]
2024-08-06 09:04:50 INFO  o.a.catalina.core.StandardEngine-[] Starting Servlet engine: [Apache Tomcat/10.1.26]
2024-08-06 09:04:50 INFO  o.a.c.c.C.[Tomcat].[localhost].[/]-[] Initializing Spring embedded WebApplicationContext
2024-08-06 09:04:50 INFO  o.s.b.w.s.c.ServletWebServerApplicationContext-[] Root WebApplicationContext: initialization completed in 1666 ms
2024-08-06 09:04:51 INFO  o.a.coyote.http11.Http11NioProtocol-[] Starting ProtocolHandler ["http-nio-8080"]
2024-08-06 09:04:51 INFO  o.s.b.w.e.tomcat.TomcatWebServer-[] Tomcat started on port 8080 (http) with context path '/'
2024-08-06 09:04:51 INFO  czhy.WebApplication-[] Started WebApplication in 3.484 seconds (process running for 4.419)
2024-08-06 09:05:39 INFO  o.a.c.c.C.[Tomcat].[localhost].[/]-[] Initializing Spring DispatcherServlet 'dispatcherServlet'
2024-08-06 09:05:39 INFO  o.s.web.servlet.DispatcherServlet-[] Initializing Servlet 'dispatcherServlet'
2024-08-06 09:05:39 INFO  o.s.web.servlet.DispatcherServlet-[] Completed initialization in 0 ms
2024-08-06 09:05:39 INFO  o.s.api.AbstractOpenApiResource-[3be945ce-529e-419f-8856-b42732efecd1] Init duration for springdoc-openapi is: 286 ms
2024-08-06 09:08:21 INFO  o.h.validator.internal.util.Version-[] HV000001: Hibernate Validator 8.0.1.Final
2024-08-06 09:08:21 INFO  czhy.WebApplication-[] Starting WebApplication using Java 22.0.1 with PID 25460 (D:\Work\web\target\classes started by 小陌 in D:\Work\web)
2024-08-06 09:08:21 INFO  czhy.WebApplication-[] The following 1 profile is active: "local"
2024-08-06 09:08:21 INFO  o.s.d.r.c.RepositoryConfigurationDelegate-[] Multiple Spring Data modules found, entering strict repository configuration mode
2024-08-06 09:08:21 INFO  o.s.d.r.c.RepositoryConfigurationDelegate-[] Bootstrapping Spring Data Redis repositories in DEFAULT mode.
2024-08-06 09:08:21 INFO  o.s.d.r.c.RepositoryConfigurationDelegate-[] Finished Spring Data repository scanning in 13 ms. Found 0 Redis repository interfaces.
2024-08-06 09:08:22 INFO  o.s.b.w.e.tomcat.TomcatWebServer-[] Tomcat initialized with port 8080 (http)
2024-08-06 09:08:22 INFO  o.a.coyote.http11.Http11NioProtocol-[] Initializing ProtocolHandler ["http-nio-8080"]
2024-08-06 09:08:22 INFO  o.a.catalina.core.StandardService-[] Starting service [Tomcat]
2024-08-06 09:08:22 INFO  o.a.catalina.core.StandardEngine-[] Starting Servlet engine: [Apache Tomcat/10.1.26]
2024-08-06 09:08:22 INFO  o.a.c.c.C.[Tomcat].[localhost].[/]-[] Initializing Spring embedded WebApplicationContext
2024-08-06 09:08:22 INFO  o.s.b.w.s.c.ServletWebServerApplicationContext-[] Root WebApplicationContext: initialization completed in 1316 ms
2024-08-06 09:08:23 INFO  o.a.coyote.http11.Http11NioProtocol-[] Starting ProtocolHandler ["http-nio-8080"]
2024-08-06 09:08:23 INFO  o.s.b.w.e.tomcat.TomcatWebServer-[] Tomcat started on port 8080 (http) with context path '/'
2024-08-06 09:08:23 INFO  czhy.WebApplication-[] Started WebApplication in 2.863 seconds (process running for 3.509)
